<?xml version="1.0"?>
<!DOCTYPE coverage SYSTEM "http://cobertura.sourceforge.net/xml/coverage-04.dtd">

<coverage line-rate="0.04359925788497217" branch-rate="0.021660649819494584" lines-covered="47" lines-valid="1078" branches-covered="12" branches-valid="554" complexity="2.857894736842105" version="2.1.1" timestamp="1441286196994">
	<sources>
		<source>/Volumes/mac-data/dev/github/simpligility/android-ndk-maven-plugin/src/main/java</source>
		<source>--source</source>
		<source>/Volumes/mac-data/dev/github/simpligility/android-ndk-maven-plugin/target/generated-sources/annotations</source>
		<source>/Volumes/mac-data/dev/github/simpligility/android-ndk-maven-plugin/target/generated-sources/plugin</source>
	</sources>
	<packages>
		<package name="com.simpligility.maven.plugins.androidndk" line-rate="0.12234042553191489" branch-rate="0.0" complexity="2.1785714285714284">
			<classes>
				<class name="com.simpligility.maven.plugins.androidndk.AndroidNdk" filename="com/simpligility/maven/plugins/androidndk/AndroidNdk.java" line-rate="0.10606060606060606" branch-rate="0.0" complexity="6.857142857142857">
					<methods>
						<method name="&lt;clinit&gt;" signature="()V" line-rate="1.0" branch-rate="1.0" complexity="0">
							<lines>
								<line number="39" hits="2" branch="false"/>
								<line number="44" hits="2" branch="false"/>
								<line number="49" hits="2" branch="false"/>
								<line number="54" hits="2" branch="false"/>
								<line number="59" hits="2" branch="false"/>
								<line number="64" hits="2" branch="false"/>
								<line number="69" hits="2" branch="false"/>
							</lines>
						</method>
						<method name="&lt;init&gt;" signature="(Ljava/io/File;)V" line-rate="0.0" branch-rate="1.0" complexity="0">
							<lines>
								<line number="79" hits="0" branch="false"/>
								<line number="80" hits="0" branch="false"/>
								<line number="81" hits="0" branch="false"/>
								<line number="82" hits="0" branch="false"/>
							</lines>
						</method>
						<method name="assertPathIsDirectory" signature="(Ljava/io/File;)V" line-rate="0.0" branch-rate="0.0" complexity="0">
							<lines>
								<line number="86" hits="0" branch="true" condition-coverage="0% (0/2)">
									<conditions>
										<condition number="0" type="jump" coverage="0%"/>
									</conditions>
								</line>
								<line number="88" hits="0" branch="false"/>
								<line number="90" hits="0" branch="true" condition-coverage="0% (0/2)">
									<conditions>
										<condition number="0" type="jump" coverage="0%"/>
									</conditions>
								</line>
								<line number="92" hits="0" branch="false"/>
								<line number="95" hits="0" branch="false"/>
							</lines>
						</method>
						<method name="findHighestSupportedToolchain" signature="([Ljava/lang/String;)Ljava/lang/String;" line-rate="0.0" branch-rate="0.0" complexity="0">
							<lines>
								<line number="329" hits="0" branch="true" condition-coverage="0% (0/2)">
									<conditions>
										<condition number="0" type="jump" coverage="0%"/>
									</conditions>
								</line>
								<line number="331" hits="0" branch="false"/>
								<line number="332" hits="0" branch="true" condition-coverage="0% (0/2)">
									<conditions>
										<condition number="0" type="jump" coverage="0%"/>
									</conditions>
								</line>
								<line number="334" hits="0" branch="false"/>
								<line number="335" hits="0" branch="false"/>
								<line number="340" hits="0" branch="false"/>
							</lines>
						</method>
						<method name="getGdbServer" signature="(Ljava/lang/String;)Ljava/io/File;" line-rate="0.0" branch-rate="0.0" complexity="0">
							<lines>
								<line number="220" hits="0" branch="false"/>
								<line number="221" hits="0" branch="true" condition-coverage="0% (0/2)">
									<conditions>
										<condition number="0" type="jump" coverage="0%"/>
									</conditions>
								</line>
								<line number="223" hits="0" branch="false"/>
								<line number="224" hits="0" branch="false"/>
								<line number="226" hits="0" branch="true" condition-coverage="0% (0/2)">
									<conditions>
										<condition number="0" type="jump" coverage="0%"/>
									</conditions>
								</line>
								<line number="228" hits="0" branch="false"/>
								<line number="229" hits="0" branch="false"/>
								<line number="231" hits="0" branch="true" condition-coverage="0% (0/2)">
									<conditions>
										<condition number="0" type="jump" coverage="0%"/>
									</conditions>
								</line>
								<line number="233" hits="0" branch="false"/>
								<line number="234" hits="0" branch="false"/>
								<line number="238" hits="0" branch="true" condition-coverage="0% (0/2)">
									<conditions>
										<condition number="0" type="jump" coverage="0%"/>
									</conditions>
								</line>
								<line number="240" hits="0" branch="true" condition-coverage="0% (0/2)">
									<conditions>
										<condition number="0" type="jump" coverage="0%"/>
									</conditions>
								</line>
								<line number="242" hits="0" branch="false"/>
								<line number="243" hits="0" branch="true" condition-coverage="0% (0/2)">
									<conditions>
										<condition number="0" type="jump" coverage="0%"/>
									</conditions>
								</line>
								<line number="245" hits="0" branch="false"/>
								<line number="247" hits="0" branch="false"/>
								<line number="251" hits="0" branch="false"/>
							</lines>
						</method>
						<method name="getNdkBuildPath" signature="()Ljava/lang/String;" line-rate="0.0" branch-rate="0.0" complexity="0">
							<lines>
								<line number="207" hits="0" branch="true" condition-coverage="0% (0/2)">
									<conditions>
										<condition number="0" type="jump" coverage="0%"/>
									</conditions>
								</line>
								<line number="209" hits="0" branch="false"/>
								<line number="213" hits="0" branch="false"/>
							</lines>
						</method>
						<method name="getToolchainFromArchitecture" signature="(Ljava/lang/String;Lcom/simpligility/maven/plugins/androidndk/configuration/ArchitectureToolchainMappings;)Ljava/lang/String;" line-rate="0.0" branch-rate="0.0" complexity="0">
							<lines>
								<line number="268" hits="0" branch="true" condition-coverage="0% (0/2)">
									<conditions>
										<condition number="0" type="jump" coverage="0%"/>
									</conditions>
								</line>
								<line number="270" hits="0" branch="true" condition-coverage="0% (0/2)">
									<conditions>
										<condition number="0" type="jump" coverage="0%"/>
									</conditions>
								</line>
								<line number="272" hits="0" branch="false"/>
								<line number="274" hits="0" branch="false"/>
								<line number="276" hits="0" branch="true" condition-coverage="0% (0/2)">
									<conditions>
										<condition number="0" type="jump" coverage="0%"/>
									</conditions>
								</line>
								<line number="278" hits="0" branch="true" condition-coverage="0% (0/2)">
									<conditions>
										<condition number="0" type="jump" coverage="0%"/>
									</conditions>
								</line>
								<line number="282" hits="0" branch="false"/>
								<line number="284" hits="0" branch="true" condition-coverage="0% (0/2)">
									<conditions>
										<condition number="0" type="jump" coverage="0%"/>
									</conditions>
								</line>
								<line number="286" hits="0" branch="true" condition-coverage="0% (0/2)">
									<conditions>
										<condition number="0" type="jump" coverage="0%"/>
									</conditions>
								</line>
								<line number="290" hits="0" branch="false"/>
								<line number="292" hits="0" branch="true" condition-coverage="0% (0/2)">
									<conditions>
										<condition number="0" type="jump" coverage="0%"/>
									</conditions>
								</line>
								<line number="294" hits="0" branch="true" condition-coverage="0% (0/2)">
									<conditions>
										<condition number="0" type="jump" coverage="0%"/>
									</conditions>
								</line>
								<line number="296" hits="0" branch="false"/>
								<line number="298" hits="0" branch="false"/>
								<line number="300" hits="0" branch="true" condition-coverage="0% (0/2)">
									<conditions>
										<condition number="0" type="jump" coverage="0%"/>
									</conditions>
								</line>
								<line number="302" hits="0" branch="true" condition-coverage="0% (0/2)">
									<conditions>
										<condition number="0" type="jump" coverage="0%"/>
									</conditions>
								</line>
								<line number="304" hits="0" branch="false"/>
								<line number="306" hits="0" branch="false"/>
								<line number="310" hits="0" branch="false"/>
							</lines>
						</method>
						<method name="validateToolchainDirectory" signature="(Ljava/io/File;)V" line-rate="0.0" branch-rate="0.0" complexity="0">
							<lines>
								<line number="315" hits="0" branch="true" condition-coverage="0% (0/2)">
									<conditions>
										<condition number="0" type="jump" coverage="0%"/>
									</conditions>
								</line>
								<line number="318" hits="0" branch="false"/>
								<line number="320" hits="0" branch="true" condition-coverage="0% (0/2)">
									<conditions>
										<condition number="0" type="jump" coverage="0%"/>
									</conditions>
								</line>
								<line number="323" hits="0" branch="false"/>
								<line number="325" hits="0" branch="false"/>
							</lines>
						</method>
					</methods>
					<lines>
						<line number="39" hits="2" branch="false"/>
						<line number="44" hits="2" branch="false"/>
						<line number="49" hits="2" branch="false"/>
						<line number="54" hits="2" branch="false"/>
						<line number="59" hits="2" branch="false"/>
						<line number="64" hits="2" branch="false"/>
						<line number="69" hits="2" branch="false"/>
						<line number="79" hits="0" branch="false"/>
						<line number="80" hits="0" branch="false"/>
						<line number="81" hits="0" branch="false"/>
						<line number="82" hits="0" branch="false"/>
						<line number="86" hits="0" branch="true" condition-coverage="0% (0/2)">
							<conditions>
								<condition number="0" type="jump" coverage="0%"/>
							</conditions>
						</line>
						<line number="88" hits="0" branch="false"/>
						<line number="90" hits="0" branch="true" condition-coverage="0% (0/2)">
							<conditions>
								<condition number="0" type="jump" coverage="0%"/>
							</conditions>
						</line>
						<line number="92" hits="0" branch="false"/>
						<line number="95" hits="0" branch="false"/>
						<line number="207" hits="0" branch="true" condition-coverage="0% (0/2)">
							<conditions>
								<condition number="0" type="jump" coverage="0%"/>
							</conditions>
						</line>
						<line number="209" hits="0" branch="false"/>
						<line number="213" hits="0" branch="false"/>
						<line number="220" hits="0" branch="false"/>
						<line number="221" hits="0" branch="true" condition-coverage="0% (0/2)">
							<conditions>
								<condition number="0" type="jump" coverage="0%"/>
							</conditions>
						</line>
						<line number="223" hits="0" branch="false"/>
						<line number="224" hits="0" branch="false"/>
						<line number="226" hits="0" branch="true" condition-coverage="0% (0/2)">
							<conditions>
								<condition number="0" type="jump" coverage="0%"/>
							</conditions>
						</line>
						<line number="228" hits="0" branch="false"/>
						<line number="229" hits="0" branch="false"/>
						<line number="231" hits="0" branch="true" condition-coverage="0% (0/2)">
							<conditions>
								<condition number="0" type="jump" coverage="0%"/>
							</conditions>
						</line>
						<line number="233" hits="0" branch="false"/>
						<line number="234" hits="0" branch="false"/>
						<line number="238" hits="0" branch="true" condition-coverage="0% (0/2)">
							<conditions>
								<condition number="0" type="jump" coverage="0%"/>
							</conditions>
						</line>
						<line number="240" hits="0" branch="true" condition-coverage="0% (0/2)">
							<conditions>
								<condition number="0" type="jump" coverage="0%"/>
							</conditions>
						</line>
						<line number="242" hits="0" branch="false"/>
						<line number="243" hits="0" branch="true" condition-coverage="0% (0/2)">
							<conditions>
								<condition number="0" type="jump" coverage="0%"/>
							</conditions>
						</line>
						<line number="245" hits="0" branch="false"/>
						<line number="247" hits="0" branch="false"/>
						<line number="251" hits="0" branch="false"/>
						<line number="268" hits="0" branch="true" condition-coverage="0% (0/2)">
							<conditions>
								<condition number="0" type="jump" coverage="0%"/>
							</conditions>
						</line>
						<line number="270" hits="0" branch="true" condition-coverage="0% (0/2)">
							<conditions>
								<condition number="0" type="jump" coverage="0%"/>
							</conditions>
						</line>
						<line number="272" hits="0" branch="false"/>
						<line number="274" hits="0" branch="false"/>
						<line number="276" hits="0" branch="true" condition-coverage="0% (0/2)">
							<conditions>
								<condition number="0" type="jump" coverage="0%"/>
							</conditions>
						</line>
						<line number="278" hits="0" branch="true" condition-coverage="0% (0/2)">
							<conditions>
								<condition number="0" type="jump" coverage="0%"/>
							</conditions>
						</line>
						<line number="282" hits="0" branch="false"/>
						<line number="284" hits="0" branch="true" condition-coverage="0% (0/2)">
							<conditions>
								<condition number="0" type="jump" coverage="0%"/>
							</conditions>
						</line>
						<line number="286" hits="0" branch="true" condition-coverage="0% (0/2)">
							<conditions>
								<condition number="0" type="jump" coverage="0%"/>
							</conditions>
						</line>
						<line number="290" hits="0" branch="false"/>
						<line number="292" hits="0" branch="true" condition-coverage="0% (0/2)">
							<conditions>
								<condition number="0" type="jump" coverage="0%"/>
							</conditions>
						</line>
						<line number="294" hits="0" branch="true" condition-coverage="0% (0/2)">
							<conditions>
								<condition number="0" type="jump" coverage="0%"/>
							</conditions>
						</line>
						<line number="296" hits="0" branch="false"/>
						<line number="298" hits="0" branch="false"/>
						<line number="300" hits="0" branch="true" condition-coverage="0% (0/2)">
							<conditions>
								<condition number="0" type="jump" coverage="0%"/>
							</conditions>
						</line>
						<line number="302" hits="0" branch="true" condition-coverage="0% (0/2)">
							<conditions>
								<condition number="0" type="jump" coverage="0%"/>
							</conditions>
						</line>
						<line number="304" hits="0" branch="false"/>
						<line number="306" hits="0" branch="false"/>
						<line number="310" hits="0" branch="false"/>
						<line number="315" hits="0" branch="true" condition-coverage="0% (0/2)">
							<conditions>
								<condition number="0" type="jump" coverage="0%"/>
							</conditions>
						</line>
						<line number="318" hits="0" branch="false"/>
						<line number="320" hits="0" branch="true" condition-coverage="0% (0/2)">
							<conditions>
								<condition number="0" type="jump" coverage="0%"/>
							</conditions>
						</line>
						<line number="323" hits="0" branch="false"/>
						<line number="325" hits="0" branch="false"/>
						<line number="329" hits="0" branch="true" condition-coverage="0% (0/2)">
							<conditions>
								<condition number="0" type="jump" coverage="0%"/>
							</conditions>
						</line>
						<line number="331" hits="0" branch="false"/>
						<line number="332" hits="0" branch="true" condition-coverage="0% (0/2)">
							<conditions>
								<condition number="0" type="jump" coverage="0%"/>
							</conditions>
						</line>
						<line number="334" hits="0" branch="false"/>
						<line number="335" hits="0" branch="false"/>
						<line number="340" hits="0" branch="false"/>
					</lines>
				</class>
				<class name="com.simpligility.maven.plugins.androidndk.CommandExecutor" filename="com/simpligility/maven/plugins/androidndk/CommandExecutor.java" line-rate="1.0" branch-rate="1.0" complexity="1.6486486486486487">
					<methods>
					</methods>
					<lines>
					</lines>
				</class>
				<class name="com.simpligility.maven.plugins.androidndk.CommandExecutor$1" filename="com/simpligility/maven/plugins/androidndk/CommandExecutor.java" line-rate="1.0" branch-rate="1.0" complexity="1.6486486486486487">
					<methods>
					</methods>
					<lines>
					</lines>
				</class>
				<class name="com.simpligility.maven.plugins.androidndk.CommandExecutor$ErrorListener" filename="com/simpligility/maven/plugins/androidndk/CommandExecutor.java" line-rate="1.0" branch-rate="1.0" complexity="1.6486486486486487">
					<methods>
					</methods>
					<lines>
					</lines>
				</class>
				<class name="com.simpligility.maven.plugins.androidndk.CommandExecutor$Factory" filename="com/simpligility/maven/plugins/androidndk/CommandExecutor.java" line-rate="0.0" branch-rate="1.0" complexity="1.6486486486486487">
					<methods>
						<method name="&lt;init&gt;" signature="()V" line-rate="0.0" branch-rate="1.0" complexity="0">
							<lines>
								<line number="150" hits="0" branch="false"/>
								<line number="151" hits="0" branch="false"/>
							</lines>
						</method>
						<method name="createDefaultCommmandExecutor" signature="()Lcom/simpligility/maven/plugins/androidndk/CommandExecutor;" line-rate="0.0" branch-rate="1.0" complexity="0">
							<lines>
								<line number="450" hits="0" branch="false"/>
							</lines>
						</method>
					</methods>
					<lines>
						<line number="150" hits="0" branch="false"/>
						<line number="151" hits="0" branch="false"/>
						<line number="450" hits="0" branch="false"/>
					</lines>
				</class>
				<class name="com.simpligility.maven.plugins.androidndk.CommandExecutor$Factory$DefaultCommandExecutor" filename="com/simpligility/maven/plugins/androidndk/CommandExecutor.java" line-rate="0.0" branch-rate="0.0" complexity="1.6486486486486487">
					<methods>
						<method name="&lt;init&gt;" signature="()V" line-rate="1.0" branch-rate="1.0" complexity="0">
							<lines>
							</lines>
						</method>
						<method name="&lt;init&gt;" signature="(Lcom/simpligility/maven/plugins/androidndk/CommandExecutor$1;)V" line-rate="0.0" branch-rate="1.0" complexity="0">
							<lines>
								<line number="153" hits="0" branch="false"/>
							</lines>
						</method>
						<method name="addEnvironment" signature="(Ljava/lang/String;Ljava/lang/String;)V" line-rate="0.0" branch-rate="0.0" complexity="0">
							<lines>
								<line number="289" hits="0" branch="true" condition-coverage="0% (0/2)">
									<conditions>
										<condition number="0" type="jump" coverage="0%"/>
									</conditions>
								</line>
								<line number="291" hits="0" branch="false"/>
								<line number="293" hits="0" branch="false"/>
								<line number="294" hits="0" branch="false"/>
							</lines>
						</method>
						<method name="executeCommand" signature="(Ljava/lang/String;Ljava/util/List;)V" line-rate="0.0" branch-rate="1.0" complexity="0">
							<lines>
								<line number="191" hits="0" branch="false"/>
								<line number="192" hits="0" branch="false"/>
							</lines>
						</method>
						<method name="executeCommand" signature="(Ljava/lang/String;Ljava/util/List;Ljava/io/File;Z)V" line-rate="0.0" branch-rate="0.0" complexity="0">
							<lines>
								<line number="205" hits="0" branch="true" condition-coverage="0% (0/2)">
									<conditions>
										<condition number="0" type="jump" coverage="0%"/>
									</conditions>
								</line>
								<line number="207" hits="0" branch="false"/>
								<line number="209" hits="0" branch="false"/>
								<line number="210" hits="0" branch="false"/>
								<line number="211" hits="0" branch="false"/>
								<line number="212" hits="0" branch="true" condition-coverage="0% (0/2)">
									<conditions>
										<condition number="0" type="jump" coverage="0%"/>
									</conditions>
								</line>
								<line number="214" hits="0" branch="false"/>
								<line number="216" hits="0" branch="false"/>
								<line number="219" hits="0" branch="true" condition-coverage="0% (0/2)">
									<conditions>
										<condition number="0" type="jump" coverage="0%"/>
									</conditions>
								</line>
								<line number="221" hits="0" branch="true" condition-coverage="0% (0/2)">
									<conditions>
										<condition number="0" type="jump" coverage="0%"/>
									</conditions>
								</line>
								<line number="223" hits="0" branch="false"/>
								<line number="224" hits="0" branch="false"/>
								<line number="227" hits="0" branch="false"/>
								<line number="228" hits="0" branch="true" condition-coverage="0% (0/4)">
									<conditions>
										<condition number="0" type="jump" coverage="0%"/>
										<condition number="1" type="jump" coverage="0%"/>
									</conditions>
								</line>
								<line number="230" hits="0" branch="false"/>
								<line number="234" hits="0" branch="false"/>
								<line number="235" hits="0" branch="false"/>
								<line number="236" hits="0" branch="true" condition-coverage="0% (0/2)">
									<conditions>
										<condition number="0" type="jump" coverage="0%"/>
									</conditions>
								</line>
								<line number="238" hits="0" branch="false"/>
								<line number="243" hits="0" branch="false"/>
								<line number="246" hits="0" branch="true" condition-coverage="0% (0/6)">
									<conditions>
										<condition number="0" type="jump" coverage="0%"/>
										<condition number="1" type="jump" coverage="0%"/>
										<condition number="2" type="jump" coverage="0%"/>
									</conditions>
								</line>
								<line number="248" hits="0" branch="false"/>
								<line number="252" hits="0" branch="false"/>
								<line number="254" hits="0" branch="false"/>
								<line number="256" hits="0" branch="false"/>
								<line number="257" hits="0" branch="false"/>
								<line number="258" hits="0" branch="false"/>
							</lines>
						</method>
						<method name="executeCommand" signature="(Ljava/lang/String;Ljava/util/List;Z)V" line-rate="0.0" branch-rate="1.0" complexity="0">
							<lines>
								<line number="198" hits="0" branch="false"/>
								<line number="199" hits="0" branch="false"/>
							</lines>
						</method>
						<method name="getPid" signature="()J" line-rate="0.0" branch-rate="1.0" complexity="0">
							<lines>
								<line number="310" hits="0" branch="false"/>
							</lines>
						</method>
						<method name="getResult" signature="()I" line-rate="0.0" branch-rate="1.0" complexity="0">
							<lines>
								<line number="263" hits="0" branch="false"/>
							</lines>
						</method>
						<method name="getStandardError" signature="()Ljava/lang/String;" line-rate="0.0" branch-rate="0.0" complexity="0">
							<lines>
								<line number="279" hits="0" branch="true" condition-coverage="0% (0/2)">
									<conditions>
										<condition number="0" type="jump" coverage="0%"/>
									</conditions>
								</line>
								<line number="281" hits="0" branch="false"/>
								<line number="283" hits="0" branch="false"/>
							</lines>
						</method>
						<method name="getStandardOut" signature="()Ljava/lang/String;" line-rate="0.0" branch-rate="0.0" complexity="0">
							<lines>
								<line number="269" hits="0" branch="true" condition-coverage="0% (0/2)">
									<conditions>
										<condition number="0" type="jump" coverage="0%"/>
									</conditions>
								</line>
								<line number="271" hits="0" branch="false"/>
								<line number="273" hits="0" branch="false"/>
							</lines>
						</method>
						<method name="setCaptureStdErr" signature="(Z)V" line-rate="0.0" branch-rate="1.0" complexity="0">
							<lines>
								<line number="328" hits="0" branch="false"/>
								<line number="329" hits="0" branch="false"/>
							</lines>
						</method>
						<method name="setCaptureStdOut" signature="(Z)V" line-rate="0.0" branch-rate="1.0" complexity="0">
							<lines>
								<line number="322" hits="0" branch="false"/>
								<line number="323" hits="0" branch="false"/>
							</lines>
						</method>
						<method name="setCustomShell" signature="(Lorg/codehaus/plexus/util/cli/shell/Shell;)V" line-rate="0.0" branch-rate="1.0" complexity="0">
							<lines>
								<line number="316" hits="0" branch="false"/>
								<line number="317" hits="0" branch="false"/>
							</lines>
						</method>
						<method name="setErrorListener" signature="(Lcom/simpligility/maven/plugins/androidndk/CommandExecutor$ErrorListener;)V" line-rate="0.0" branch-rate="1.0" complexity="0">
							<lines>
								<line number="299" hits="0" branch="false"/>
								<line number="300" hits="0" branch="false"/>
							</lines>
						</method>
						<method name="setLogger" signature="(Lorg/apache/maven/plugin/logging/Log;)V" line-rate="0.0" branch-rate="1.0" complexity="0">
							<lines>
								<line number="185" hits="0" branch="false"/>
								<line number="186" hits="0" branch="false"/>
							</lines>
						</method>
						<method name="setPid" signature="(J)V" line-rate="0.0" branch-rate="1.0" complexity="0">
							<lines>
								<line number="304" hits="0" branch="false"/>
								<line number="305" hits="0" branch="false"/>
							</lines>
						</method>
					</methods>
					<lines>
						<line number="153" hits="0" branch="false"/>
						<line number="185" hits="0" branch="false"/>
						<line number="186" hits="0" branch="false"/>
						<line number="191" hits="0" branch="false"/>
						<line number="192" hits="0" branch="false"/>
						<line number="198" hits="0" branch="false"/>
						<line number="199" hits="0" branch="false"/>
						<line number="205" hits="0" branch="true" condition-coverage="0% (0/2)">
							<conditions>
								<condition number="0" type="jump" coverage="0%"/>
							</conditions>
						</line>
						<line number="207" hits="0" branch="false"/>
						<line number="209" hits="0" branch="false"/>
						<line number="210" hits="0" branch="false"/>
						<line number="211" hits="0" branch="false"/>
						<line number="212" hits="0" branch="true" condition-coverage="0% (0/2)">
							<conditions>
								<condition number="0" type="jump" coverage="0%"/>
							</conditions>
						</line>
						<line number="214" hits="0" branch="false"/>
						<line number="216" hits="0" branch="false"/>
						<line number="219" hits="0" branch="true" condition-coverage="0% (0/2)">
							<conditions>
								<condition number="0" type="jump" coverage="0%"/>
							</conditions>
						</line>
						<line number="221" hits="0" branch="true" condition-coverage="0% (0/2)">
							<conditions>
								<condition number="0" type="jump" coverage="0%"/>
							</conditions>
						</line>
						<line number="223" hits="0" branch="false"/>
						<line number="224" hits="0" branch="false"/>
						<line number="227" hits="0" branch="false"/>
						<line number="228" hits="0" branch="true" condition-coverage="0% (0/4)">
							<conditions>
								<condition number="0" type="jump" coverage="0%"/>
								<condition number="1" type="jump" coverage="0%"/>
							</conditions>
						</line>
						<line number="230" hits="0" branch="false"/>
						<line number="234" hits="0" branch="false"/>
						<line number="235" hits="0" branch="false"/>
						<line number="236" hits="0" branch="true" condition-coverage="0% (0/2)">
							<conditions>
								<condition number="0" type="jump" coverage="0%"/>
							</conditions>
						</line>
						<line number="238" hits="0" branch="false"/>
						<line number="243" hits="0" branch="false"/>
						<line number="246" hits="0" branch="true" condition-coverage="0% (0/6)">
							<conditions>
								<condition number="0" type="jump" coverage="0%"/>
								<condition number="1" type="jump" coverage="0%"/>
								<condition number="2" type="jump" coverage="0%"/>
							</conditions>
						</line>
						<line number="248" hits="0" branch="false"/>
						<line number="252" hits="0" branch="false"/>
						<line number="254" hits="0" branch="false"/>
						<line number="256" hits="0" branch="false"/>
						<line number="257" hits="0" branch="false"/>
						<line number="258" hits="0" branch="false"/>
						<line number="263" hits="0" branch="false"/>
						<line number="269" hits="0" branch="true" condition-coverage="0% (0/2)">
							<conditions>
								<condition number="0" type="jump" coverage="0%"/>
							</conditions>
						</line>
						<line number="271" hits="0" branch="false"/>
						<line number="273" hits="0" branch="false"/>
						<line number="279" hits="0" branch="true" condition-coverage="0% (0/2)">
							<conditions>
								<condition number="0" type="jump" coverage="0%"/>
							</conditions>
						</line>
						<line number="281" hits="0" branch="false"/>
						<line number="283" hits="0" branch="false"/>
						<line number="289" hits="0" branch="true" condition-coverage="0% (0/2)">
							<conditions>
								<condition number="0" type="jump" coverage="0%"/>
							</conditions>
						</line>
						<line number="291" hits="0" branch="false"/>
						<line number="293" hits="0" branch="false"/>
						<line number="294" hits="0" branch="false"/>
						<line number="299" hits="0" branch="false"/>
						<line number="300" hits="0" branch="false"/>
						<line number="304" hits="0" branch="false"/>
						<line number="305" hits="0" branch="false"/>
						<line number="310" hits="0" branch="false"/>
						<line number="316" hits="0" branch="false"/>
						<line number="317" hits="0" branch="false"/>
						<line number="322" hits="0" branch="false"/>
						<line number="323" hits="0" branch="false"/>
						<line number="328" hits="0" branch="false"/>
						<line number="329" hits="0" branch="false"/>
					</lines>
				</class>
				<class name="com.simpligility.maven.plugins.androidndk.CommandExecutor$Factory$ErrorStreamConsumer" filename="com/simpligility/maven/plugins/androidndk/CommandExecutor.java" line-rate="0.0" branch-rate="0.0" complexity="1.6486486486486487">
					<methods>
						<method name="&lt;init&gt;" signature="(Lorg/apache/maven/plugin/logging/Log;Lcom/simpligility/maven/plugins/androidndk/CommandExecutor$ErrorListener;Z)V" line-rate="0.0" branch-rate="0.0" complexity="0">
							<lines>
								<line number="382" hits="0" branch="false"/>
								<line number="388" hits="0" branch="false"/>
								<line number="389" hits="0" branch="false"/>
								<line number="390" hits="0" branch="false"/>
								<line number="391" hits="0" branch="false"/>
								<line number="393" hits="0" branch="true" condition-coverage="0% (0/2)">
									<conditions>
										<condition number="0" type="jump" coverage="0%"/>
									</conditions>
								</line>
								<line number="395" hits="0" branch="false"/>
								<line number="397" hits="0" branch="false"/>
								<line number="398" hits="0" branch="false"/>
							</lines>
						</method>
						<method name="consumeLine" signature="(Ljava/lang/String;)V" line-rate="0.0" branch-rate="0.0" complexity="0">
							<lines>
								<line number="403" hits="0" branch="true" condition-coverage="0% (0/2)">
									<conditions>
										<condition number="0" type="jump" coverage="0%"/>
									</conditions>
								</line>
								<line number="405" hits="0" branch="false"/>
								<line number="407" hits="0" branch="true" condition-coverage="0% (0/2)">
									<conditions>
										<condition number="0" type="jump" coverage="0%"/>
									</conditions>
								</line>
								<line number="409" hits="0" branch="false"/>
								<line number="411" hits="0" branch="true" condition-coverage="0% (0/2)">
									<conditions>
										<condition number="0" type="jump" coverage="0%"/>
									</conditions>
								</line>
								<line number="413" hits="0" branch="false"/>
								<line number="417" hits="0" branch="false"/>
								<line number="419" hits="0" branch="false"/>
							</lines>
						</method>
						<method name="hasError" signature="()Z" line-rate="0.0" branch-rate="1.0" complexity="0">
							<lines>
								<line number="428" hits="0" branch="false"/>
							</lines>
						</method>
						<method name="toString" signature="()Ljava/lang/String;" line-rate="0.0" branch-rate="1.0" complexity="0">
							<lines>
								<line number="439" hits="0" branch="false"/>
							</lines>
						</method>
					</methods>
					<lines>
						<line number="382" hits="0" branch="false"/>
						<line number="388" hits="0" branch="false"/>
						<line number="389" hits="0" branch="false"/>
						<line number="390" hits="0" branch="false"/>
						<line number="391" hits="0" branch="false"/>
						<line number="393" hits="0" branch="true" condition-coverage="0% (0/2)">
							<conditions>
								<condition number="0" type="jump" coverage="0%"/>
							</conditions>
						</line>
						<line number="395" hits="0" branch="false"/>
						<line number="397" hits="0" branch="false"/>
						<line number="398" hits="0" branch="false"/>
						<line number="403" hits="0" branch="true" condition-coverage="0% (0/2)">
							<conditions>
								<condition number="0" type="jump" coverage="0%"/>
							</conditions>
						</line>
						<line number="405" hits="0" branch="false"/>
						<line number="407" hits="0" branch="true" condition-coverage="0% (0/2)">
							<conditions>
								<condition number="0" type="jump" coverage="0%"/>
							</conditions>
						</line>
						<line number="409" hits="0" branch="false"/>
						<line number="411" hits="0" branch="true" condition-coverage="0% (0/2)">
							<conditions>
								<condition number="0" type="jump" coverage="0%"/>
							</conditions>
						</line>
						<line number="413" hits="0" branch="false"/>
						<line number="417" hits="0" branch="false"/>
						<line number="419" hits="0" branch="false"/>
						<line number="428" hits="0" branch="false"/>
						<line number="439" hits="0" branch="false"/>
					</lines>
				</class>
				<class name="com.simpligility.maven.plugins.androidndk.CommandExecutor$Factory$StreamConsumerImpl" filename="com/simpligility/maven/plugins/androidndk/CommandExecutor.java" line-rate="0.0" branch-rate="0.0" complexity="1.6486486486486487">
					<methods>
						<method name="&lt;init&gt;" signature="(Lorg/apache/maven/plugin/logging/Log;Z)V" line-rate="0.0" branch-rate="1.0" complexity="0">
							<lines>
								<line number="337" hits="0" branch="false"/>
								<line number="342" hits="0" branch="false"/>
								<line number="343" hits="0" branch="false"/>
								<line number="344" hits="0" branch="false"/>
								<line number="345" hits="0" branch="false"/>
							</lines>
						</method>
						<method name="consumeLine" signature="(Ljava/lang/String;)V" line-rate="0.0" branch-rate="0.0" complexity="0">
							<lines>
								<line number="350" hits="0" branch="true" condition-coverage="0% (0/2)">
									<conditions>
										<condition number="0" type="jump" coverage="0%"/>
									</conditions>
								</line>
								<line number="352" hits="0" branch="false"/>
								<line number="354" hits="0" branch="true" condition-coverage="0% (0/2)">
									<conditions>
										<condition number="0" type="jump" coverage="0%"/>
									</conditions>
								</line>
								<line number="356" hits="0" branch="false"/>
								<line number="358" hits="0" branch="false"/>
							</lines>
						</method>
						<method name="toString" signature="()Ljava/lang/String;" line-rate="0.0" branch-rate="1.0" complexity="0">
							<lines>
								<line number="368" hits="0" branch="false"/>
							</lines>
						</method>
					</methods>
					<lines>
						<line number="337" hits="0" branch="false"/>
						<line number="342" hits="0" branch="false"/>
						<line number="343" hits="0" branch="false"/>
						<line number="344" hits="0" branch="false"/>
						<line number="345" hits="0" branch="false"/>
						<line number="350" hits="0" branch="true" condition-coverage="0% (0/2)">
							<conditions>
								<condition number="0" type="jump" coverage="0%"/>
							</conditions>
						</line>
						<line number="352" hits="0" branch="false"/>
						<line number="354" hits="0" branch="true" condition-coverage="0% (0/2)">
							<conditions>
								<condition number="0" type="jump" coverage="0%"/>
							</conditions>
						</line>
						<line number="356" hits="0" branch="false"/>
						<line number="358" hits="0" branch="false"/>
						<line number="368" hits="0" branch="false"/>
					</lines>
				</class>
				<class name="com.simpligility.maven.plugins.androidndk.ExecutionException" filename="com/simpligility/maven/plugins/androidndk/ExecutionException.java" line-rate="0.0" branch-rate="1.0" complexity="1.0">
					<methods>
						<method name="&lt;init&gt;" signature="()V" line-rate="0.0" branch-rate="1.0" complexity="0">
							<lines>
								<line number="31" hits="0" branch="false"/>
								<line number="32" hits="0" branch="false"/>
							</lines>
						</method>
						<method name="&lt;init&gt;" signature="(Ljava/lang/String;)V" line-rate="0.0" branch-rate="1.0" complexity="0">
							<lines>
								<line number="41" hits="0" branch="false"/>
								<line number="42" hits="0" branch="false"/>
							</lines>
						</method>
						<method name="&lt;init&gt;" signature="(Ljava/lang/String;Ljava/lang/Throwable;)V" line-rate="0.0" branch-rate="1.0" complexity="0">
							<lines>
								<line number="52" hits="0" branch="false"/>
								<line number="53" hits="0" branch="false"/>
							</lines>
						</method>
						<method name="&lt;init&gt;" signature="(Ljava/lang/Throwable;)V" line-rate="0.0" branch-rate="1.0" complexity="0">
							<lines>
								<line number="62" hits="0" branch="false"/>
								<line number="63" hits="0" branch="false"/>
							</lines>
						</method>
					</methods>
					<lines>
						<line number="31" hits="0" branch="false"/>
						<line number="32" hits="0" branch="false"/>
						<line number="41" hits="0" branch="false"/>
						<line number="42" hits="0" branch="false"/>
						<line number="52" hits="0" branch="false"/>
						<line number="53" hits="0" branch="false"/>
						<line number="62" hits="0" branch="false"/>
						<line number="63" hits="0" branch="false"/>
					</lines>
				</class>
				<class name="com.simpligility.maven.plugins.androidndk.InvalidConfigurationException" filename="com/simpligility/maven/plugins/androidndk/InvalidConfigurationException.java" line-rate="0.0" branch-rate="1.0" complexity="1.0">
					<methods>
						<method name="&lt;init&gt;" signature="(Ljava/lang/String;)V" line-rate="0.0" branch-rate="1.0" complexity="0">
							<lines>
								<line number="12" hits="0" branch="false"/>
								<line number="13" hits="0" branch="false"/>
							</lines>
						</method>
					</methods>
					<lines>
						<line number="12" hits="0" branch="false"/>
						<line number="13" hits="0" branch="false"/>
					</lines>
				</class>
				<class name="com.simpligility.maven.plugins.androidndk.InvalidNdkException" filename="com/simpligility/maven/plugins/androidndk/InvalidNdkException.java" line-rate="0.0" branch-rate="1.0" complexity="1.0">
					<methods>
						<method name="&lt;init&gt;" signature="(Ljava/lang/String;)V" line-rate="0.0" branch-rate="1.0" complexity="0">
							<lines>
								<line number="27" hits="0" branch="false"/>
								<line number="28" hits="0" branch="false"/>
							</lines>
						</method>
					</methods>
					<lines>
						<line number="27" hits="0" branch="false"/>
						<line number="28" hits="0" branch="false"/>
					</lines>
				</class>
				<class name="com.simpligility.maven.plugins.androidndk.PluginInfo" filename="com/simpligility/maven/plugins/androidndk/PluginInfo.java" line-rate="0.7619047619047619" branch-rate="1.0" complexity="1.1666666666666667">
					<methods>
						<method name="&lt;clinit&gt;" signature="()V" line-rate="1.0" branch-rate="1.0" complexity="0">
							<lines>
								<line number="20" hits="2" branch="false"/>
								<line number="21" hits="2" branch="false"/>
							</lines>
						</method>
						<method name="&lt;init&gt;" signature="()V" line-rate="0.0" branch-rate="1.0" complexity="0">
							<lines>
								<line number="15" hits="0" branch="false"/>
							</lines>
						</method>
						<method name="getArtifactId" signature="()Ljava/lang/String;" line-rate="1.0" branch-rate="1.0" complexity="0">
							<lines>
								<line number="69" hits="2" branch="false"/>
							</lines>
						</method>
						<method name="getGAV" signature="()Ljava/lang/String;" line-rate="1.0" branch-rate="1.0" complexity="0">
							<lines>
								<line number="53" hits="2" branch="false"/>
								<line number="59" hits="2" branch="false"/>
							</lines>
						</method>
						<method name="getGroupId" signature="()Ljava/lang/String;" line-rate="1.0" branch-rate="1.0" complexity="0">
							<lines>
								<line number="64" hits="2" branch="false"/>
							</lines>
						</method>
						<method name="getQualifiedGoal" signature="(Ljava/lang/String;)Ljava/lang/String;" line-rate="0.0" branch-rate="1.0" complexity="0">
							<lines>
								<line number="79" hits="0" branch="false"/>
								<line number="87" hits="0" branch="false"/>
							</lines>
						</method>
						<method name="getVersion" signature="()Ljava/lang/String;" line-rate="1.0" branch-rate="1.0" complexity="0">
							<lines>
								<line number="74" hits="2" branch="false"/>
							</lines>
						</method>
						<method name="loadProperties" signature="()V" line-rate="0.8181818181818182" branch-rate="1.0" complexity="0">
							<lines>
								<line number="31" hits="2" branch="false"/>
								<line number="32" hits="2" branch="false"/>
								<line number="35" hits="2" branch="false"/>
								<line number="36" hits="2" branch="false"/>
								<line number="37" hits="2" branch="false"/>
								<line number="38" hits="2" branch="false"/>
								<line number="39" hits="2" branch="false"/>
								<line number="41" hits="0" branch="false"/>
								<line number="43" hits="0" branch="false"/>
								<line number="44" hits="2" branch="false"/>
								<line number="45" hits="2" branch="false"/>
							</lines>
						</method>
					</methods>
					<lines>
						<line number="15" hits="0" branch="false"/>
						<line number="20" hits="2" branch="false"/>
						<line number="21" hits="2" branch="false"/>
						<line number="31" hits="2" branch="false"/>
						<line number="32" hits="2" branch="false"/>
						<line number="35" hits="2" branch="false"/>
						<line number="36" hits="2" branch="false"/>
						<line number="37" hits="2" branch="false"/>
						<line number="38" hits="2" branch="false"/>
						<line number="39" hits="2" branch="false"/>
						<line number="41" hits="0" branch="false"/>
						<line number="43" hits="0" branch="false"/>
						<line number="44" hits="2" branch="false"/>
						<line number="45" hits="2" branch="false"/>
						<line number="53" hits="2" branch="false"/>
						<line number="59" hits="2" branch="false"/>
						<line number="64" hits="2" branch="false"/>
						<line number="69" hits="2" branch="false"/>
						<line number="74" hits="2" branch="false"/>
						<line number="79" hits="0" branch="false"/>
						<line number="87" hits="0" branch="false"/>
					</lines>
				</class>
			</classes>
		</package>
		<package name="com.simpligility.maven.plugins.androidndk.common" line-rate="0.09056603773584905" branch-rate="0.07894736842105263" complexity="2.6140350877192984">
			<classes>
				<class name="com.simpligility.maven.plugins.androidndk.common.AndroidExtension" filename="com/simpligility/maven/plugins/androidndk/common/AndroidExtension.java" line-rate="0.0" branch-rate="0.0" complexity="2.5">
					<methods>
						<method name="&lt;init&gt;" signature="()V" line-rate="0.0" branch-rate="1.0" complexity="0">
							<lines>
								<line number="33" hits="0" branch="false"/>
								<line number="34" hits="0" branch="false"/>
							</lines>
						</method>
						<method name="isAndroidPackaging" signature="(Ljava/lang/String;)Z" line-rate="0.0" branch-rate="0.0" complexity="0">
							<lines>
								<line number="46" hits="0" branch="true" condition-coverage="0% (0/8)">
									<conditions>
										<condition number="0" type="jump" coverage="0%"/>
										<condition number="1" type="jump" coverage="0%"/>
										<condition number="2" type="jump" coverage="0%"/>
										<condition number="3" type="jump" coverage="0%"/>
									</conditions>
								</line>
							</lines>
						</method>
					</methods>
					<lines>
						<line number="33" hits="0" branch="false"/>
						<line number="34" hits="0" branch="false"/>
						<line number="46" hits="0" branch="true" condition-coverage="0% (0/8)">
							<conditions>
								<condition number="0" type="jump" coverage="0%"/>
								<condition number="1" type="jump" coverage="0%"/>
								<condition number="2" type="jump" coverage="0%"/>
								<condition number="3" type="jump" coverage="0%"/>
							</conditions>
						</line>
					</lines>
				</class>
				<class name="com.simpligility.maven.plugins.androidndk.common.ArtifactResolverHelper" filename="com/simpligility/maven/plugins/androidndk/common/ArtifactResolverHelper.java" line-rate="0.0" branch-rate="0.0" complexity="3.0">
					<methods>
						<method name="&lt;clinit&gt;" signature="()V" line-rate="0.0" branch-rate="1.0" complexity="0">
							<lines>
								<line number="37" hits="0" branch="false"/>
							</lines>
						</method>
						<method name="&lt;init&gt;" signature="(Lorg/apache/maven/artifact/resolver/ArtifactResolver;Lorg/codehaus/plexus/logging/Logger;)V" line-rate="0.0" branch-rate="1.0" complexity="0">
							<lines>
								<line number="50" hits="0" branch="false"/>
								<line number="51" hits="0" branch="false"/>
							</lines>
						</method>
						<method name="&lt;init&gt;" signature="(Lorg/apache/maven/artifact/resolver/ArtifactResolver;Lorg/codehaus/plexus/logging/Logger;Ljava/util/List;)V" line-rate="0.0" branch-rate="1.0" complexity="0">
							<lines>
								<line number="55" hits="0" branch="false"/>
								<line number="56" hits="0" branch="false"/>
								<line number="57" hits="0" branch="false"/>
								<line number="58" hits="0" branch="false"/>
								<line number="59" hits="0" branch="false"/>
							</lines>
						</method>
						<method name="getFilteredArtifacts" signature="(Ljava/lang/Iterable;[Ljava/lang/String;)Ljava/util/Set;" line-rate="0.0" branch-rate="1.0" complexity="0">
							<lines>
								<line number="73" hits="0" branch="false"/>
							</lines>
						</method>
						<method name="getFilteredArtifacts" signature="(Ljava/util/List;Ljava/lang/Iterable;[Ljava/lang/String;)Ljava/util/Set;" line-rate="0.0" branch-rate="0.0" complexity="0">
							<lines>
								<line number="89" hits="0" branch="false"/>
								<line number="90" hits="0" branch="false"/>
								<line number="91" hits="0" branch="false"/>
								<line number="92" hits="0" branch="true" condition-coverage="0% (0/2)">
									<conditions>
										<condition number="0" type="jump" coverage="0%"/>
									</conditions>
								</line>
								<line number="94" hits="0" branch="true" condition-coverage="0% (0/2)">
									<conditions>
										<condition number="0" type="jump" coverage="0%"/>
									</conditions>
								</line>
								<line number="96" hits="0" branch="false"/>
								<line number="99" hits="0" branch="true" condition-coverage="0% (0/2)">
									<conditions>
										<condition number="0" type="jump" coverage="0%"/>
									</conditions>
								</line>
								<line number="101" hits="0" branch="false"/>
								<line number="104" hits="0" branch="true" condition-coverage="0% (0/4)">
									<conditions>
										<condition number="0" type="jump" coverage="0%"/>
										<condition number="1" type="jump" coverage="0%"/>
									</conditions>
								</line>
								<line number="106" hits="0" branch="false"/>
								<line number="108" hits="0" branch="false"/>
								<line number="109" hits="0" branch="false"/>
							</lines>
						</method>
						<method name="resolveArtifact" signature="(Lorg/apache/maven/artifact/Artifact;)Lorg/apache/maven/artifact/Artifact;" line-rate="0.0" branch-rate="0.0" complexity="0">
							<lines>
								<line number="150" hits="0" branch="false"/>
								<line number="151" hits="0" branch="false"/>
								<line number="152" hits="0" branch="true" condition-coverage="0% (0/4)">
									<conditions>
										<condition number="0" type="jump" coverage="0%"/>
										<condition number="1" type="jump" coverage="0%"/>
									</conditions>
								</line>
								<line number="154" hits="0" branch="false"/>
								<line number="156" hits="0" branch="false"/>
								<line number="158" hits="0" branch="false"/>
								<line number="159" hits="0" branch="true" condition-coverage="0% (0/2)">
									<conditions>
										<condition number="0" type="jump" coverage="0%"/>
									</conditions>
								</line>
								<line number="161" hits="0" branch="false"/>
								<line number="165" hits="0" branch="true" condition-coverage="0% (0/2)">
									<conditions>
										<condition number="0" type="jump" coverage="0%"/>
									</conditions>
								</line>
								<line number="167" hits="0" branch="false"/>
								<line number="168" hits="0" branch="false"/>
								<line number="172" hits="0" branch="false"/>
								<line number="173" hits="0" branch="false"/>
								<line number="174" hits="0" branch="false"/>
							</lines>
						</method>
						<method name="resolveArtifactToFile" signature="(Lorg/apache/maven/artifact/Artifact;)Ljava/io/File;" line-rate="0.0" branch-rate="0.0" complexity="0">
							<lines>
								<line number="121" hits="0" branch="false"/>
								<line number="122" hits="0" branch="false"/>
								<line number="123" hits="0" branch="true" condition-coverage="0% (0/2)">
									<conditions>
										<condition number="0" type="jump" coverage="0%"/>
									</conditions>
								</line>
								<line number="125" hits="0" branch="false"/>
								<line number="129" hits="0" branch="false"/>
							</lines>
						</method>
						<method name="resolveArtifacts" signature="(Ljava/util/Collection;)Ljava/util/Set;" line-rate="0.0" branch-rate="0.0" complexity="0">
							<lines>
								<line number="134" hits="0" branch="false"/>
								<line number="135" hits="0" branch="true" condition-coverage="0% (0/2)">
									<conditions>
										<condition number="0" type="jump" coverage="0%"/>
									</conditions>
								</line>
								<line number="137" hits="0" branch="false"/>
								<line number="138" hits="0" branch="false"/>
								<line number="139" hits="0" branch="false"/>
							</lines>
						</method>
					</methods>
					<lines>
						<line number="37" hits="0" branch="false"/>
						<line number="50" hits="0" branch="false"/>
						<line number="51" hits="0" branch="false"/>
						<line number="55" hits="0" branch="false"/>
						<line number="56" hits="0" branch="false"/>
						<line number="57" hits="0" branch="false"/>
						<line number="58" hits="0" branch="false"/>
						<line number="59" hits="0" branch="false"/>
						<line number="73" hits="0" branch="false"/>
						<line number="89" hits="0" branch="false"/>
						<line number="90" hits="0" branch="false"/>
						<line number="91" hits="0" branch="false"/>
						<line number="92" hits="0" branch="true" condition-coverage="0% (0/2)">
							<conditions>
								<condition number="0" type="jump" coverage="0%"/>
							</conditions>
						</line>
						<line number="94" hits="0" branch="true" condition-coverage="0% (0/2)">
							<conditions>
								<condition number="0" type="jump" coverage="0%"/>
							</conditions>
						</line>
						<line number="96" hits="0" branch="false"/>
						<line number="99" hits="0" branch="true" condition-coverage="0% (0/2)">
							<conditions>
								<condition number="0" type="jump" coverage="0%"/>
							</conditions>
						</line>
						<line number="101" hits="0" branch="false"/>
						<line number="104" hits="0" branch="true" condition-coverage="0% (0/4)">
							<conditions>
								<condition number="0" type="jump" coverage="0%"/>
								<condition number="1" type="jump" coverage="0%"/>
							</conditions>
						</line>
						<line number="106" hits="0" branch="false"/>
						<line number="108" hits="0" branch="false"/>
						<line number="109" hits="0" branch="false"/>
						<line number="121" hits="0" branch="false"/>
						<line number="122" hits="0" branch="false"/>
						<line number="123" hits="0" branch="true" condition-coverage="0% (0/2)">
							<conditions>
								<condition number="0" type="jump" coverage="0%"/>
							</conditions>
						</line>
						<line number="125" hits="0" branch="false"/>
						<line number="129" hits="0" branch="false"/>
						<line number="134" hits="0" branch="false"/>
						<line number="135" hits="0" branch="true" condition-coverage="0% (0/2)">
							<conditions>
								<condition number="0" type="jump" coverage="0%"/>
							</conditions>
						</line>
						<line number="137" hits="0" branch="false"/>
						<line number="138" hits="0" branch="false"/>
						<line number="139" hits="0" branch="false"/>
						<line number="150" hits="0" branch="false"/>
						<line number="151" hits="0" branch="false"/>
						<line number="152" hits="0" branch="true" condition-coverage="0% (0/4)">
							<conditions>
								<condition number="0" type="jump" coverage="0%"/>
								<condition number="1" type="jump" coverage="0%"/>
							</conditions>
						</line>
						<line number="154" hits="0" branch="false"/>
						<line number="156" hits="0" branch="false"/>
						<line number="158" hits="0" branch="false"/>
						<line number="159" hits="0" branch="true" condition-coverage="0% (0/2)">
							<conditions>
								<condition number="0" type="jump" coverage="0%"/>
							</conditions>
						</line>
						<line number="161" hits="0" branch="false"/>
						<line number="165" hits="0" branch="true" condition-coverage="0% (0/2)">
							<conditions>
								<condition number="0" type="jump" coverage="0%"/>
							</conditions>
						</line>
						<line number="167" hits="0" branch="false"/>
						<line number="168" hits="0" branch="false"/>
						<line number="172" hits="0" branch="false"/>
						<line number="173" hits="0" branch="false"/>
						<line number="174" hits="0" branch="false"/>
					</lines>
				</class>
				<class name="com.simpligility.maven.plugins.androidndk.common.Const" filename="com/simpligility/maven/plugins/androidndk/common/Const.java" line-rate="0.0" branch-rate="1.0" complexity="0.0">
					<methods>
						<method name="&lt;init&gt;" signature="()V" line-rate="0.0" branch-rate="1.0" complexity="0">
							<lines>
								<line number="6" hits="0" branch="false"/>
								<line number="8" hits="0" branch="false"/>
							</lines>
						</method>
					</methods>
					<lines>
						<line number="6" hits="0" branch="false"/>
						<line number="8" hits="0" branch="false"/>
					</lines>
				</class>
				<class name="com.simpligility.maven.plugins.androidndk.common.Const$ArtifactType" filename="com/simpligility/maven/plugins/androidndk/common/Const.java" line-rate="0.0" branch-rate="1.0" complexity="0.0">
					<methods>
						<method name="&lt;init&gt;" signature="()V" line-rate="0.0" branch-rate="1.0" complexity="0">
							<lines>
								<line number="8" hits="0" branch="false"/>
							</lines>
						</method>
					</methods>
					<lines>
						<line number="8" hits="0" branch="false"/>
					</lines>
				</class>
				<class name="com.simpligility.maven.plugins.androidndk.common.DependencyCollector" filename="com/simpligility/maven/plugins/androidndk/common/DependencyCollector.java" line-rate="0.0" branch-rate="0.0" complexity="3.3333333333333335">
					<methods>
						<method name="&lt;init&gt;" signature="(Lorg/codehaus/plexus/logging/Logger;Lorg/apache/maven/artifact/Artifact;)V" line-rate="0.0" branch-rate="1.0" complexity="0">
							<lines>
								<line number="17" hits="0" branch="false"/>
								<line number="25" hits="0" branch="false"/>
								<line number="26" hits="0" branch="false"/>
								<line number="27" hits="0" branch="false"/>
								<line number="28" hits="0" branch="false"/>
							</lines>
						</method>
						<method name="classifierMatch" signature="(Ljava/lang/String;Ljava/lang/String;)Z" line-rate="0.0" branch-rate="0.0" complexity="0">
							<lines>
								<line number="72" hits="0" branch="true" condition-coverage="0% (0/2)">
									<conditions>
										<condition number="0" type="jump" coverage="0%"/>
									</conditions>
								</line>
								<line number="73" hits="0" branch="true" condition-coverage="0% (0/2)">
									<conditions>
										<condition number="0" type="jump" coverage="0%"/>
									</conditions>
								</line>
								<line number="74" hits="0" branch="true" condition-coverage="0% (0/4)">
									<conditions>
										<condition number="0" type="jump" coverage="0%"/>
										<condition number="1" type="jump" coverage="0%"/>
									</conditions>
								</line>
								<line number="76" hits="0" branch="false"/>
								<line number="78" hits="0" branch="true" condition-coverage="0% (0/4)">
									<conditions>
										<condition number="0" type="jump" coverage="0%"/>
										<condition number="1" type="jump" coverage="0%"/>
									</conditions>
								</line>
								<line number="80" hits="0" branch="false"/>
								<line number="82" hits="0" branch="false"/>
							</lines>
						</method>
						<method name="getDependencies" signature="()Ljava/util/Set;" line-rate="0.0" branch-rate="1.0" complexity="0">
							<lines>
								<line number="57" hits="0" branch="false"/>
							</lines>
						</method>
						<method name="isNullOrEmpty" signature="(Ljava/lang/String;)Z" line-rate="0.0" branch-rate="0.0" complexity="0">
							<lines>
								<line number="87" hits="0" branch="true" condition-coverage="0% (0/4)">
									<conditions>
										<condition number="0" type="jump" coverage="0%"/>
										<condition number="1" type="jump" coverage="0%"/>
									</conditions>
								</line>
							</lines>
						</method>
						<method name="matchesTarget" signature="(Lorg/apache/maven/artifact/Artifact;)Z" line-rate="0.0" branch-rate="0.0" complexity="0">
							<lines>
								<line number="62" hits="0" branch="true" condition-coverage="0% (0/10)">
									<conditions>
										<condition number="0" type="jump" coverage="0%"/>
										<condition number="1" type="jump" coverage="0%"/>
										<condition number="2" type="jump" coverage="0%"/>
										<condition number="3" type="jump" coverage="0%"/>
										<condition number="4" type="jump" coverage="0%"/>
									</conditions>
								</line>
							</lines>
						</method>
						<method name="visit" signature="(Lorg/apache/maven/shared/dependency/graph/DependencyNode;Z)V" line-rate="0.0" branch-rate="0.0" complexity="0">
							<lines>
								<line number="38" hits="0" branch="true" condition-coverage="0% (0/2)">
									<conditions>
										<condition number="0" type="jump" coverage="0%"/>
									</conditions>
								</line>
								<line number="40" hits="0" branch="false"/>
								<line number="43" hits="0" branch="true" condition-coverage="0% (0/2)">
									<conditions>
										<condition number="0" type="jump" coverage="0%"/>
									</conditions>
								</line>
								<line number="45" hits="0" branch="false"/>
								<line number="46" hits="0" branch="false"/>
								<line number="49" hits="0" branch="true" condition-coverage="0% (0/2)">
									<conditions>
										<condition number="0" type="jump" coverage="0%"/>
									</conditions>
								</line>
								<line number="51" hits="0" branch="false"/>
								<line number="52" hits="0" branch="false"/>
								<line number="53" hits="0" branch="false"/>
							</lines>
						</method>
					</methods>
					<lines>
						<line number="17" hits="0" branch="false"/>
						<line number="25" hits="0" branch="false"/>
						<line number="26" hits="0" branch="false"/>
						<line number="27" hits="0" branch="false"/>
						<line number="28" hits="0" branch="false"/>
						<line number="38" hits="0" branch="true" condition-coverage="0% (0/2)">
							<conditions>
								<condition number="0" type="jump" coverage="0%"/>
							</conditions>
						</line>
						<line number="40" hits="0" branch="false"/>
						<line number="43" hits="0" branch="true" condition-coverage="0% (0/2)">
							<conditions>
								<condition number="0" type="jump" coverage="0%"/>
							</conditions>
						</line>
						<line number="45" hits="0" branch="false"/>
						<line number="46" hits="0" branch="false"/>
						<line number="49" hits="0" branch="true" condition-coverage="0% (0/2)">
							<conditions>
								<condition number="0" type="jump" coverage="0%"/>
							</conditions>
						</line>
						<line number="51" hits="0" branch="false"/>
						<line number="52" hits="0" branch="false"/>
						<line number="53" hits="0" branch="false"/>
						<line number="57" hits="0" branch="false"/>
						<line number="62" hits="0" branch="true" condition-coverage="0% (0/10)">
							<conditions>
								<condition number="0" type="jump" coverage="0%"/>
								<condition number="1" type="jump" coverage="0%"/>
								<condition number="2" type="jump" coverage="0%"/>
								<condition number="3" type="jump" coverage="0%"/>
								<condition number="4" type="jump" coverage="0%"/>
							</conditions>
						</line>
						<line number="72" hits="0" branch="true" condition-coverage="0% (0/2)">
							<conditions>
								<condition number="0" type="jump" coverage="0%"/>
							</conditions>
						</line>
						<line number="73" hits="0" branch="true" condition-coverage="0% (0/2)">
							<conditions>
								<condition number="0" type="jump" coverage="0%"/>
							</conditions>
						</line>
						<line number="74" hits="0" branch="true" condition-coverage="0% (0/4)">
							<conditions>
								<condition number="0" type="jump" coverage="0%"/>
								<condition number="1" type="jump" coverage="0%"/>
							</conditions>
						</line>
						<line number="76" hits="0" branch="false"/>
						<line number="78" hits="0" branch="true" condition-coverage="0% (0/4)">
							<conditions>
								<condition number="0" type="jump" coverage="0%"/>
								<condition number="1" type="jump" coverage="0%"/>
							</conditions>
						</line>
						<line number="80" hits="0" branch="false"/>
						<line number="82" hits="0" branch="false"/>
						<line number="87" hits="0" branch="true" condition-coverage="0% (0/4)">
							<conditions>
								<condition number="0" type="jump" coverage="0%"/>
								<condition number="1" type="jump" coverage="0%"/>
							</conditions>
						</line>
					</lines>
				</class>
				<class name="com.simpligility.maven.plugins.androidndk.common.JarHelper" filename="com/simpligility/maven/plugins/androidndk/common/JarHelper.java" line-rate="0.0" branch-rate="0.0" complexity="4.0">
					<methods>
						<method name="&lt;init&gt;" signature="()V" line-rate="0.0" branch-rate="1.0" complexity="0">
							<lines>
								<line number="20" hits="0" branch="false"/>
								<line number="26" hits="0" branch="false"/>
							</lines>
						</method>
						<method name="unjar" signature="(Ljava/util/jar/JarFile;Ljava/io/File;Lcom/simpligility/maven/plugins/androidndk/common/JarHelper$UnjarListener;)V" line-rate="0.0" branch-rate="0.0" complexity="0">
							<lines>
								<line number="41" hits="0" branch="true" condition-coverage="0% (0/2)">
									<conditions>
										<condition number="0" type="jump" coverage="0%"/>
									</conditions>
								</line>
								<line number="43" hits="0" branch="false"/>
								<line number="44" hits="0" branch="false"/>
								<line number="45" hits="0" branch="true" condition-coverage="0% (0/2)">
									<conditions>
										<condition number="0" type="jump" coverage="0%"/>
									</conditions>
								</line>
								<line number="48" hits="0" branch="true" condition-coverage="0% (0/2)">
									<conditions>
										<condition number="0" type="jump" coverage="0%"/>
									</conditions>
								</line>
								<line number="50" hits="0" branch="true" condition-coverage="0% (0/2)">
									<conditions>
										<condition number="0" type="jump" coverage="0%"/>
									</conditions>
								</line>
								<line number="52" hits="0" branch="false"/>
								<line number="57" hits="0" branch="true" condition-coverage="0% (0/2)">
									<conditions>
										<condition number="0" type="jump" coverage="0%"/>
									</conditions>
								</line>
								<line number="59" hits="0" branch="false"/>
								<line number="62" hits="0" branch="false"/>
								<line number="65" hits="0" branch="false"/>
								<line number="69" hits="0" branch="false"/>
								<line number="70" hits="0" branch="false"/>
								<line number="74" hits="0" branch="false"/>
								<line number="75" hits="0" branch="false"/>
								<line number="78" hits="0" branch="false"/>
								<line number="79" hits="0" branch="false"/>
							</lines>
						</method>
					</methods>
					<lines>
						<line number="20" hits="0" branch="false"/>
						<line number="26" hits="0" branch="false"/>
						<line number="41" hits="0" branch="true" condition-coverage="0% (0/2)">
							<conditions>
								<condition number="0" type="jump" coverage="0%"/>
							</conditions>
						</line>
						<line number="43" hits="0" branch="false"/>
						<line number="44" hits="0" branch="false"/>
						<line number="45" hits="0" branch="true" condition-coverage="0% (0/2)">
							<conditions>
								<condition number="0" type="jump" coverage="0%"/>
							</conditions>
						</line>
						<line number="48" hits="0" branch="true" condition-coverage="0% (0/2)">
							<conditions>
								<condition number="0" type="jump" coverage="0%"/>
							</conditions>
						</line>
						<line number="50" hits="0" branch="true" condition-coverage="0% (0/2)">
							<conditions>
								<condition number="0" type="jump" coverage="0%"/>
							</conditions>
						</line>
						<line number="52" hits="0" branch="false"/>
						<line number="57" hits="0" branch="true" condition-coverage="0% (0/2)">
							<conditions>
								<condition number="0" type="jump" coverage="0%"/>
							</conditions>
						</line>
						<line number="59" hits="0" branch="false"/>
						<line number="62" hits="0" branch="false"/>
						<line number="65" hits="0" branch="false"/>
						<line number="69" hits="0" branch="false"/>
						<line number="70" hits="0" branch="false"/>
						<line number="74" hits="0" branch="false"/>
						<line number="75" hits="0" branch="false"/>
						<line number="78" hits="0" branch="false"/>
						<line number="79" hits="0" branch="false"/>
					</lines>
				</class>
				<class name="com.simpligility.maven.plugins.androidndk.common.JarHelper$UnjarListener" filename="com/simpligility/maven/plugins/androidndk/common/JarHelper.java" line-rate="1.0" branch-rate="1.0" complexity="4.0">
					<methods>
					</methods>
					<lines>
					</lines>
				</class>
				<class name="com.simpligility.maven.plugins.androidndk.common.LogSyncProgressMonitor" filename="com/simpligility/maven/plugins/androidndk/common/LogSyncProgressMonitor.java" line-rate="0.0" branch-rate="1.0" complexity="1.0">
					<methods>
						<method name="&lt;init&gt;" signature="(Lorg/apache/maven/plugin/logging/Log;)V" line-rate="0.0" branch-rate="1.0" complexity="0">
							<lines>
								<line number="34" hits="0" branch="false"/>
								<line number="35" hits="0" branch="false"/>
								<line number="36" hits="0" branch="false"/>
							</lines>
						</method>
						<method name="advance" signature="(I)V" line-rate="0.0" branch-rate="1.0" complexity="0">
							<lines>
								<line number="60" hits="0" branch="false"/>
								<line number="61" hits="0" branch="false"/>
							</lines>
						</method>
						<method name="isCanceled" signature="()Z" line-rate="0.0" branch-rate="1.0" complexity="0">
							<lines>
								<line number="50" hits="0" branch="false"/>
							</lines>
						</method>
						<method name="start" signature="(I)V" line-rate="0.0" branch-rate="1.0" complexity="0">
							<lines>
								<line number="40" hits="0" branch="false"/>
								<line number="41" hits="0" branch="false"/>
							</lines>
						</method>
						<method name="startSubTask" signature="(Ljava/lang/String;)V" line-rate="0.0" branch-rate="1.0" complexity="0">
							<lines>
								<line number="55" hits="0" branch="false"/>
								<line number="56" hits="0" branch="false"/>
							</lines>
						</method>
						<method name="stop" signature="()V" line-rate="0.0" branch-rate="1.0" complexity="0">
							<lines>
								<line number="45" hits="0" branch="false"/>
								<line number="46" hits="0" branch="false"/>
							</lines>
						</method>
					</methods>
					<lines>
						<line number="34" hits="0" branch="false"/>
						<line number="35" hits="0" branch="false"/>
						<line number="36" hits="0" branch="false"/>
						<line number="40" hits="0" branch="false"/>
						<line number="41" hits="0" branch="false"/>
						<line number="45" hits="0" branch="false"/>
						<line number="46" hits="0" branch="false"/>
						<line number="50" hits="0" branch="false"/>
						<line number="55" hits="0" branch="false"/>
						<line number="56" hits="0" branch="false"/>
						<line number="60" hits="0" branch="false"/>
						<line number="61" hits="0" branch="false"/>
					</lines>
				</class>
				<class name="com.simpligility.maven.plugins.androidndk.common.MavenToPlexusLogAdapter" filename="com/simpligility/maven/plugins/androidndk/common/MavenToPlexusLogAdapter.java" line-rate="0.0" branch-rate="0.0" complexity="1.3">
					<methods>
						<method name="&lt;init&gt;" signature="(Lorg/apache/maven/plugin/logging/Log;)V" line-rate="0.0" branch-rate="1.0" complexity="0">
							<lines>
								<line number="15" hits="0" branch="false"/>
								<line number="16" hits="0" branch="false"/>
								<line number="17" hits="0" branch="false"/>
							</lines>
						</method>
						<method name="debug" signature="(Ljava/lang/String;)V" line-rate="0.0" branch-rate="1.0" complexity="0">
							<lines>
								<line number="70" hits="0" branch="false"/>
								<line number="71" hits="0" branch="false"/>
							</lines>
						</method>
						<method name="debug" signature="(Ljava/lang/String;Ljava/lang/Throwable;)V" line-rate="0.0" branch-rate="1.0" complexity="0">
							<lines>
								<line number="76" hits="0" branch="false"/>
								<line number="77" hits="0" branch="false"/>
							</lines>
						</method>
						<method name="error" signature="(Ljava/lang/String;)V" line-rate="0.0" branch-rate="1.0" complexity="0">
							<lines>
								<line number="40" hits="0" branch="false"/>
								<line number="41" hits="0" branch="false"/>
							</lines>
						</method>
						<method name="error" signature="(Ljava/lang/String;Ljava/lang/Throwable;)V" line-rate="0.0" branch-rate="1.0" complexity="0">
							<lines>
								<line number="34" hits="0" branch="false"/>
								<line number="35" hits="0" branch="false"/>
							</lines>
						</method>
						<method name="fatalError" signature="(Ljava/lang/String;)V" line-rate="0.0" branch-rate="1.0" complexity="0">
							<lines>
								<line number="22" hits="0" branch="false"/>
								<line number="23" hits="0" branch="false"/>
							</lines>
						</method>
						<method name="fatalError" signature="(Ljava/lang/String;Ljava/lang/Throwable;)V" line-rate="0.0" branch-rate="1.0" complexity="0">
							<lines>
								<line number="28" hits="0" branch="false"/>
								<line number="29" hits="0" branch="false"/>
							</lines>
						</method>
						<method name="getChildLogger" signature="(Ljava/lang/String;)Lorg/codehaus/plexus/logging/Logger;" line-rate="0.0" branch-rate="1.0" complexity="0">
							<lines>
								<line number="137" hits="0" branch="false"/>
							</lines>
						</method>
						<method name="getName" signature="()Ljava/lang/String;" line-rate="0.0" branch-rate="1.0" complexity="0">
							<lines>
								<line number="143" hits="0" branch="false"/>
							</lines>
						</method>
						<method name="getThreshold" signature="()I" line-rate="0.0" branch-rate="0.0" complexity="0">
							<lines>
								<line number="112" hits="0" branch="true" condition-coverage="0% (0/2)">
									<conditions>
										<condition number="0" type="jump" coverage="0%"/>
									</conditions>
								</line>
								<line number="114" hits="0" branch="false"/>
								<line number="116" hits="0" branch="true" condition-coverage="0% (0/2)">
									<conditions>
										<condition number="0" type="jump" coverage="0%"/>
									</conditions>
								</line>
								<line number="118" hits="0" branch="false"/>
								<line number="120" hits="0" branch="true" condition-coverage="0% (0/2)">
									<conditions>
										<condition number="0" type="jump" coverage="0%"/>
									</conditions>
								</line>
								<line number="122" hits="0" branch="false"/>
								<line number="125" hits="0" branch="false"/>
							</lines>
						</method>
						<method name="info" signature="(Ljava/lang/String;)V" line-rate="0.0" branch-rate="1.0" complexity="0">
							<lines>
								<line number="58" hits="0" branch="false"/>
								<line number="59" hits="0" branch="false"/>
							</lines>
						</method>
						<method name="info" signature="(Ljava/lang/String;Ljava/lang/Throwable;)V" line-rate="0.0" branch-rate="1.0" complexity="0">
							<lines>
								<line number="64" hits="0" branch="false"/>
								<line number="65" hits="0" branch="false"/>
							</lines>
						</method>
						<method name="isDebugEnabled" signature="()Z" line-rate="0.0" branch-rate="1.0" complexity="0">
							<lines>
								<line number="82" hits="0" branch="false"/>
							</lines>
						</method>
						<method name="isErrorEnabled" signature="()Z" line-rate="0.0" branch-rate="1.0" complexity="0">
							<lines>
								<line number="100" hits="0" branch="false"/>
							</lines>
						</method>
						<method name="isFatalErrorEnabled" signature="()Z" line-rate="0.0" branch-rate="1.0" complexity="0">
							<lines>
								<line number="106" hits="0" branch="false"/>
							</lines>
						</method>
						<method name="isInfoEnabled" signature="()Z" line-rate="0.0" branch-rate="1.0" complexity="0">
							<lines>
								<line number="88" hits="0" branch="false"/>
							</lines>
						</method>
						<method name="isWarnEnabled" signature="()Z" line-rate="0.0" branch-rate="1.0" complexity="0">
							<lines>
								<line number="94" hits="0" branch="false"/>
							</lines>
						</method>
						<method name="setThreshold" signature="(I)V" line-rate="0.0" branch-rate="1.0" complexity="0">
							<lines>
								<line number="132" hits="0" branch="false"/>
							</lines>
						</method>
						<method name="warn" signature="(Ljava/lang/String;)V" line-rate="0.0" branch-rate="1.0" complexity="0">
							<lines>
								<line number="46" hits="0" branch="false"/>
								<line number="47" hits="0" branch="false"/>
							</lines>
						</method>
						<method name="warn" signature="(Ljava/lang/String;Ljava/lang/Throwable;)V" line-rate="0.0" branch-rate="1.0" complexity="0">
							<lines>
								<line number="52" hits="0" branch="false"/>
								<line number="53" hits="0" branch="false"/>
							</lines>
						</method>
					</methods>
					<lines>
						<line number="15" hits="0" branch="false"/>
						<line number="16" hits="0" branch="false"/>
						<line number="17" hits="0" branch="false"/>
						<line number="22" hits="0" branch="false"/>
						<line number="23" hits="0" branch="false"/>
						<line number="28" hits="0" branch="false"/>
						<line number="29" hits="0" branch="false"/>
						<line number="34" hits="0" branch="false"/>
						<line number="35" hits="0" branch="false"/>
						<line number="40" hits="0" branch="false"/>
						<line number="41" hits="0" branch="false"/>
						<line number="46" hits="0" branch="false"/>
						<line number="47" hits="0" branch="false"/>
						<line number="52" hits="0" branch="false"/>
						<line number="53" hits="0" branch="false"/>
						<line number="58" hits="0" branch="false"/>
						<line number="59" hits="0" branch="false"/>
						<line number="64" hits="0" branch="false"/>
						<line number="65" hits="0" branch="false"/>
						<line number="70" hits="0" branch="false"/>
						<line number="71" hits="0" branch="false"/>
						<line number="76" hits="0" branch="false"/>
						<line number="77" hits="0" branch="false"/>
						<line number="82" hits="0" branch="false"/>
						<line number="88" hits="0" branch="false"/>
						<line number="94" hits="0" branch="false"/>
						<line number="100" hits="0" branch="false"/>
						<line number="106" hits="0" branch="false"/>
						<line number="112" hits="0" branch="true" condition-coverage="0% (0/2)">
							<conditions>
								<condition number="0" type="jump" coverage="0%"/>
							</conditions>
						</line>
						<line number="114" hits="0" branch="false"/>
						<line number="116" hits="0" branch="true" condition-coverage="0% (0/2)">
							<conditions>
								<condition number="0" type="jump" coverage="0%"/>
							</conditions>
						</line>
						<line number="118" hits="0" branch="false"/>
						<line number="120" hits="0" branch="true" condition-coverage="0% (0/2)">
							<conditions>
								<condition number="0" type="jump" coverage="0%"/>
							</conditions>
						</line>
						<line number="122" hits="0" branch="false"/>
						<line number="125" hits="0" branch="false"/>
						<line number="132" hits="0" branch="false"/>
						<line number="137" hits="0" branch="false"/>
						<line number="143" hits="0" branch="false"/>
					</lines>
				</class>
				<class name="com.simpligility.maven.plugins.androidndk.common.NativeHelper" filename="com/simpligility/maven/plugins/androidndk/common/NativeHelper.java" line-rate="0.20168067226890757" branch-rate="0.16666666666666666" complexity="4.5">
					<methods>
						<method name="&lt;init&gt;" signature="(Lorg/apache/maven/project/MavenProject;Lorg/apache/maven/shared/dependency/graph/DependencyGraphBuilder;Lorg/apache/maven/plugin/logging/Log;)V" line-rate="1.0" branch-rate="1.0" complexity="0">
							<lines>
								<line number="44" hits="18" branch="false"/>
								<line number="45" hits="18" branch="false"/>
								<line number="46" hits="18" branch="false"/>
								<line number="47" hits="18" branch="false"/>
								<line number="48" hits="18" branch="false"/>
							</lines>
						</method>
						<method name="artifactHasHardwareArchitecture" signature="(Lorg/apache/maven/artifact/Artifact;Ljava/lang/String;Ljava/lang/String;)Z" line-rate="1.0" branch-rate="0.75" complexity="0">
							<lines>
								<line number="383" hits="32" branch="true" condition-coverage="75% (3/4)">
									<conditions>
										<condition number="0" type="jump" coverage="100%"/>
										<condition number="1" type="jump" coverage="50%"/>
									</conditions>
								</line>
							</lines>
						</method>
[...]
						<line number="617" hits="0" branch="false"/>
						<line number="619" hits="0" branch="true" condition-coverage="0% (0/2)">
							<conditions>
								<condition number="0" type="jump" coverage="0%"/>
							</conditions>
						</line>
						<line number="620" hits="0" branch="false"/>
						<line number="621" hits="0" branch="false"/>
						<line number="623" hits="0" branch="true" condition-coverage="0% (0/4)">
							<conditions>
								<condition number="0" type="jump" coverage="0%"/>
								<condition number="1" type="jump" coverage="0%"/>
							</conditions>
						</line>
						<line number="625" hits="0" branch="true" condition-coverage="0% (0/2)">
							<conditions>
								<condition number="0" type="jump" coverage="0%"/>
							</conditions>
						</line>
						<line number="627" hits="0" branch="false"/>
						<line number="630" hits="0" branch="true" condition-coverage="0% (0/2)">
							<conditions>
								<condition number="0" type="jump" coverage="0%"/>
							</conditions>
						</line>
						<line number="632" hits="0" branch="false"/>
						<line number="636" hits="0" branch="false"/>
						<line number="638" hits="0" branch="false"/>
						<line number="639" hits="0" branch="false"/>
						<line number="640" hits="0" branch="false"/>
						<line number="641" hits="0" branch="false"/>
						<line number="645" hits="0" branch="true" condition-coverage="0% (0/2)">
							<conditions>
								<condition number="0" type="jump" coverage="0%"/>
							</conditions>
						</line>
						<line number="647" hits="0" branch="false"/>
						<line number="651" hits="0" branch="false"/>
						<line number="658" hits="0" branch="false"/>
						<line number="660" hits="0" branch="false"/>
						<line number="686" hits="0" branch="true" condition-coverage="0% (0/4)">
							<conditions>
								<condition number="0" type="jump" coverage="0%"/>
								<condition number="1" type="jump" coverage="0%"/>
							</conditions>
						</line>
						<line number="688" hits="0" branch="false"/>
						<line number="689" hits="0" branch="false"/>
						<line number="715" hits="0" branch="true" condition-coverage="0% (0/4)">
							<conditions>
								<condition number="0" type="jump" coverage="0%"/>
								<condition number="1" type="jump" coverage="0%"/>
							</conditions>
						</line>
						<line number="717" hits="0" branch="true" condition-coverage="0% (0/4)">
							<conditions>
								<condition number="0" type="jump" coverage="0%"/>
								<condition number="1" type="jump" coverage="0%"/>
							</conditions>
						</line>
						<line number="718" hits="0" branch="true" condition-coverage="0% (0/2)">
							<conditions>
								<condition number="0" type="jump" coverage="0%"/>
							</conditions>
						</line>
						<line number="720" hits="0" branch="false"/>
						<line number="723" hits="0" branch="true" condition-coverage="0% (0/4)">
							<conditions>
								<condition number="0" type="jump" coverage="0%"/>
								<condition number="1" type="jump" coverage="0%"/>
							</conditions>
						</line>
						<line number="725" hits="0" branch="false"/>
						<line number="726" hits="0" branch="false"/>
						<line number="727" hits="0" branch="false"/>
						<line number="731" hits="0" branch="false"/>
						<line number="732" hits="0" branch="false"/>
						<line number="735" hits="0" branch="false"/>
						<line number="742" hits="0" branch="false"/>
						<line number="744" hits="0" branch="false"/>
						<line number="747" hits="0" branch="false"/>
						<line number="755" hits="0" branch="true" condition-coverage="0% (0/4)">
							<conditions>
								<condition number="0" type="jump" coverage="0%"/>
								<condition number="1" type="jump" coverage="0%"/>
							</conditions>
						</line>
						<line number="757" hits="0" branch="false"/>
						<line number="761" hits="0" branch="false"/>
						<line number="762" hits="0" branch="true" condition-coverage="0% (0/2)">
							<conditions>
								<condition number="0" type="jump" coverage="0%"/>
							</conditions>
						</line>
						<line number="764" hits="0" branch="false"/>
						<line number="768" hits="0" branch="false"/>
						<line number="771" hits="0" branch="true" condition-coverage="0% (0/2)">
							<conditions>
								<condition number="0" type="jump" coverage="0%"/>
							</conditions>
						</line>
						<line number="773" hits="0" branch="true" condition-coverage="0% (0/2)">
							<conditions>
								<condition number="0" type="jump" coverage="0%"/>
							</conditions>
						</line>
						<line number="775" hits="0" branch="false"/>
						<line number="777" hits="0" branch="false"/>
						<line number="780" hits="0" branch="false"/>
						<line number="786" hits="0" branch="false"/>
						<line number="822" hits="0" branch="false"/>
						<line number="826" hits="0" branch="true" condition-coverage="0% (0/2)">
							<conditions>
								<condition number="0" type="jump" coverage="0%"/>
							</conditions>
						</line>
						<line number="828" hits="0" branch="false"/>
						<line number="829" hits="0" branch="false"/>
						<line number="831" hits="0" branch="false"/>
						<line number="837" hits="0" branch="false"/>
						<line number="839" hits="0" branch="true" condition-coverage="0% (0/2)">
							<conditions>
								<condition number="0" type="jump" coverage="0%"/>
							</conditions>
						</line>
						<line number="841" hits="0" branch="false"/>
						<line number="842" hits="0" branch="false"/>
						<line number="843" hits="0" branch="false"/>
						<line number="844" hits="0" branch="true" condition-coverage="0% (0/4)">
							<conditions>
								<condition number="0" type="jump" coverage="0%"/>
								<condition number="1" type="jump" coverage="0%"/>
							</conditions>
						</line>
						<line number="846" hits="0" branch="false"/>
						<line number="847" hits="0" branch="true" condition-coverage="0% (0/2)">
							<conditions>
								<condition number="0" type="jump" coverage="0%"/>
							</conditions>
						</line>
						<line number="849" hits="0" branch="false"/>
						<line number="850" hits="0" branch="false"/>
						<line number="851" hits="0" branch="false"/>
						<line number="852" hits="0" branch="false"/>
						<line number="853" hits="0" branch="false"/>
						<line number="856" hits="0" branch="false"/>
						<line number="859" hits="0" branch="true" condition-coverage="0% (0/2)">
							<conditions>
								<condition number="0" type="jump" coverage="0%"/>
							</conditions>
						</line>
						<line number="861" hits="0" branch="false"/>
						<line number="864" hits="0" branch="true" condition-coverage="0% (0/2)">
							<conditions>
								<condition number="0" type="jump" coverage="0%"/>
							</conditions>
						</line>
						<line number="866" hits="0" branch="false"/>
						<line number="867" hits="0" branch="false"/>
						<line number="868" hits="0" branch="false"/>
						<line number="869" hits="0" branch="false"/>
						<line number="870" hits="0" branch="false"/>
						<line number="872" hits="0" branch="false"/>
						<line number="873" hits="0" branch="false"/>
						<line number="879" hits="0" branch="false"/>
						<line number="880" hits="0" branch="false"/>
						<line number="882" hits="0" branch="false"/>
						<line number="884" hits="0" branch="false"/>
						<line number="886" hits="0" branch="true" condition-coverage="0% (0/2)">
							<conditions>
								<condition number="0" type="jump" coverage="0%"/>
							</conditions>
						</line>
						<line number="888" hits="0" branch="false"/>
						<line number="889" hits="0" branch="false"/>
						<line number="891" hits="0" branch="false"/>
						<line number="892" hits="0" branch="false"/>
						<line number="894" hits="0" branch="false"/>
						<line number="896" hits="0" branch="true" condition-coverage="0% (0/2)">
							<conditions>
								<condition number="0" type="jump" coverage="0%"/>
							</conditions>
						</line>
						<line number="898" hits="0" branch="false"/>
						<line number="899" hits="0" branch="false"/>
						<line number="900" hits="0" branch="false"/>
						<line number="903" hits="0" branch="false"/>
						<line number="905" hits="0" branch="false"/>
						<line number="906" hits="0" branch="false"/>
						<line number="907" hits="0" branch="false"/>
						<line number="913" hits="0" branch="true" condition-coverage="0% (0/2)">
							<conditions>
								<condition number="0" type="jump" coverage="0%"/>
							</conditions>
						</line>
						<line number="915" hits="0" branch="false"/>
						<line number="916" hits="0" branch="false"/>
						<line number="917" hits="0" branch="false"/>
						<line number="921" hits="0" branch="true" condition-coverage="0% (0/2)">
							<conditions>
								<condition number="0" type="jump" coverage="0%"/>
							</conditions>
						</line>
						<line number="923" hits="0" branch="false"/>
						<line number="924" hits="0" branch="false"/>
						<line number="925" hits="0" branch="false"/>
						<line number="927" hits="0" branch="false"/>
						<line number="931" hits="0" branch="false"/>
						<line number="932" hits="0" branch="false"/>
						<line number="933" hits="0" branch="false"/>
						<line number="935" hits="0" branch="false"/>
						<line number="936" hits="0" branch="false"/>
						<line number="937" hits="0" branch="false"/>
						<line number="939" hits="0" branch="false"/>
						<line number="941" hits="0" branch="false"/>
						<line number="957" hits="0" branch="true" condition-coverage="0% (0/2)">
							<conditions>
								<condition number="0" type="jump" coverage="0%"/>
							</conditions>
						</line>
						<line number="959" hits="0" branch="true" condition-coverage="0% (0/4)">
							<conditions>
								<condition number="0" type="jump" coverage="0%"/>
								<condition number="1" type="jump" coverage="0%"/>
							</conditions>
						</line>
						<line number="961" hits="0" branch="false"/>
						<line number="965" hits="0" branch="false"/>
						<line number="967" hits="0" branch="false"/>
						<line number="968" hits="0" branch="false"/>
						<line number="979" hits="0" branch="true" condition-coverage="0% (0/4)">
							<conditions>
								<condition number="0" type="jump" coverage="0%"/>
								<condition number="1" type="jump" coverage="0%"/>
							</conditions>
						</line>
						<line number="981" hits="0" branch="false"/>
						<line number="986" hits="0" branch="true" condition-coverage="0% (0/2)">
							<conditions>
								<condition number="0" type="jump" coverage="0%"/>
							</conditions>
						</line>
						<line number="1007" hits="0" branch="true" condition-coverage="0% (0/2)">
							<conditions>
								<condition number="0" type="jump" coverage="0%"/>
							</conditions>
						</line>
						<line number="1010" hits="0" branch="false"/>
						<line number="1015" hits="0" branch="false"/>
						<line number="1018" hits="0" branch="false"/>
						<line number="1028" hits="0" branch="false"/>
						<line number="1029" hits="0" branch="true" condition-coverage="0% (0/2)">
							<conditions>
								<condition number="0" type="jump" coverage="0%"/>
							</conditions>
						</line>
						<line number="1031" hits="0" branch="false"/>
						<line number="1035" hits="0" branch="false"/>
						<line number="1040" hits="0" branch="true" condition-coverage="0% (0/2)">
							<conditions>
								<condition number="0" type="jump" coverage="0%"/>
							</conditions>
						</line>
						<line number="1042" hits="0" branch="false"/>
						<line number="1044" hits="0" branch="false"/>
						<line number="1049" hits="0" branch="true" condition-coverage="0% (0/2)">
							<conditions>
								<condition number="0" type="jump" coverage="0%"/>
							</conditions>
						</line>
						<line number="1051" hits="0" branch="false"/>
						<line number="1053" hits="0" branch="false"/>
					</lines>
				</class>
				<class name="com.simpligility.maven.plugins.androidndk.phase05compile.NdkBuildMojo$1" filename="com/simpligility/maven/plugins/androidndk/phase05compile/NdkBuildMojo.java" line-rate="0.0" branch-rate="0.0" complexity="4.0">
					<methods>
						<method name="&lt;init&gt;" signature="(Lcom/simpligility/maven/plugins/androidndk/phase05compile/NdkBuildMojo;)V" line-rate="0.0" branch-rate="1.0" complexity="0">
							<lines>
								<line number="661" hits="0" branch="false"/>
							</lines>
						</method>
						<method name="accept" signature="(Ljava/io/File;Ljava/lang/String;)Z" line-rate="0.0" branch-rate="0.0" complexity="0">
							<lines>
								<line number="664" hits="0" branch="false"/>
								<line number="666" hits="0" branch="true" condition-coverage="0% (0/4)">
									<conditions>
										<condition number="0" type="jump" coverage="0%"/>
										<condition number="1" type="jump" coverage="0%"/>
									</conditions>
								</line>
								<line number="668" hits="0" branch="false"/>
								<line number="672" hits="0" branch="true" condition-coverage="0% (0/2)">
									<conditions>
										<condition number="0" type="jump" coverage="0%"/>
									</conditions>
								</line>
								<line number="674" hits="0" branch="true" condition-coverage="0% (0/4)">
									<conditions>
										<condition number="0" type="jump" coverage="0%"/>
										<condition number="1" type="jump" coverage="0%"/>
									</conditions>
								</line>
								<line number="678" hits="0" branch="true" condition-coverage="0% (0/4)">
									<conditions>
										<condition number="0" type="jump" coverage="0%"/>
										<condition number="1" type="jump" coverage="0%"/>
									</conditions>
								</line>
							</lines>
						</method>
					</methods>
					<lines>
						<line number="661" hits="0" branch="false"/>
						<line number="664" hits="0" branch="false"/>
						<line number="666" hits="0" branch="true" condition-coverage="0% (0/4)">
							<conditions>
								<condition number="0" type="jump" coverage="0%"/>
								<condition number="1" type="jump" coverage="0%"/>
							</conditions>
						</line>
						<line number="668" hits="0" branch="false"/>
						<line number="672" hits="0" branch="true" condition-coverage="0% (0/2)">
							<conditions>
								<condition number="0" type="jump" coverage="0%"/>
							</conditions>
						</line>
						<line number="674" hits="0" branch="true" condition-coverage="0% (0/4)">
							<conditions>
								<condition number="0" type="jump" coverage="0%"/>
								<condition number="1" type="jump" coverage="0%"/>
							</conditions>
						</line>
						<line number="678" hits="0" branch="true" condition-coverage="0% (0/4)">
							<conditions>
								<condition number="0" type="jump" coverage="0%"/>
								<condition number="1" type="jump" coverage="0%"/>
							</conditions>
						</line>
					</lines>
				</class>
				<class name="com.simpligility.maven.plugins.androidndk.phase05compile.NdkBuildMojo$2" filename="com/simpligility/maven/plugins/androidndk/phase05compile/NdkBuildMojo.java" line-rate="0.0" branch-rate="0.0" complexity="4.0">
					<methods>
						<method name="&lt;init&gt;" signature="(Lcom/simpligility/maven/plugins/androidndk/phase05compile/NdkBuildMojo;)V" line-rate="0.0" branch-rate="1.0" complexity="0">
							<lines>
								<line number="690" hits="0" branch="false"/>
							</lines>
						</method>
						<method name="accept" signature="(Ljava/io/File;Ljava/lang/String;)Z" line-rate="0.0" branch-rate="0.0" complexity="0">
							<lines>
								<line number="693" hits="0" branch="false"/>
								<line number="695" hits="0" branch="true" condition-coverage="0% (0/4)">
									<conditions>
										<condition number="0" type="jump" coverage="0%"/>
										<condition number="1" type="jump" coverage="0%"/>
									</conditions>
								</line>
								<line number="697" hits="0" branch="false"/>
								<line number="701" hits="0" branch="true" condition-coverage="0% (0/2)">
									<conditions>
										<condition number="0" type="jump" coverage="0%"/>
									</conditions>
								</line>
								<line number="703" hits="0" branch="true" condition-coverage="0% (0/4)">
									<conditions>
										<condition number="0" type="jump" coverage="0%"/>
										<condition number="1" type="jump" coverage="0%"/>
									</conditions>
								</line>
								<line number="707" hits="0" branch="true" condition-coverage="0% (0/4)">
									<conditions>
										<condition number="0" type="jump" coverage="0%"/>
										<condition number="1" type="jump" coverage="0%"/>
									</conditions>
								</line>
							</lines>
						</method>
					</methods>
					<lines>
						<line number="690" hits="0" branch="false"/>
						<line number="693" hits="0" branch="false"/>
						<line number="695" hits="0" branch="true" condition-coverage="0% (0/4)">
							<conditions>
								<condition number="0" type="jump" coverage="0%"/>
								<condition number="1" type="jump" coverage="0%"/>
							</conditions>
						</line>
						<line number="697" hits="0" branch="false"/>
						<line number="701" hits="0" branch="true" condition-coverage="0% (0/2)">
							<conditions>
								<condition number="0" type="jump" coverage="0%"/>
							</conditions>
						</line>
						<line number="703" hits="0" branch="true" condition-coverage="0% (0/4)">
							<conditions>
								<condition number="0" type="jump" coverage="0%"/>
								<condition number="1" type="jump" coverage="0%"/>
							</conditions>
						</line>
						<line number="707" hits="0" branch="true" condition-coverage="0% (0/4)">
							<conditions>
								<condition number="0" type="jump" coverage="0%"/>
								<condition number="1" type="jump" coverage="0%"/>
							</conditions>
						</line>
					</lines>
				</class>
				<class name="com.simpligility.maven.plugins.androidndk.phase05compile.NdkBuildMojo$3" filename="com/simpligility/maven/plugins/androidndk/phase05compile/NdkBuildMojo.java" line-rate="0.0" branch-rate="0.0" complexity="4.0">
					<methods>
						<method name="&lt;init&gt;" signature="(Lcom/simpligility/maven/plugins/androidndk/phase05compile/NdkBuildMojo;)V" line-rate="0.0" branch-rate="1.0" complexity="0">
							<lines>
								<line number="787" hits="0" branch="false"/>
							</lines>
						</method>
						<method name="isError" signature="(Ljava/lang/String;)Z" line-rate="0.0" branch-rate="0.0" complexity="0">
							<lines>
								<line number="793" hits="0" branch="true" condition-coverage="0% (0/2)">
									<conditions>
										<condition number="0" type="jump" coverage="0%"/>
									</conditions>
								</line>
								<line number="795" hits="0" branch="false"/>
								<line number="798" hits="0" branch="false"/>
								<line number="799" hits="0" branch="false"/>
								<line number="803" hits="0" branch="true" condition-coverage="0% (0/2)">
									<conditions>
										<condition number="0" type="jump" coverage="0%"/>
									</conditions>
								</line>
								<line number="805" hits="0" branch="false"/>
								<line number="809" hits="0" branch="false"/>
							</lines>
						</method>
					</methods>
					<lines>
						<line number="787" hits="0" branch="false"/>
						<line number="793" hits="0" branch="true" condition-coverage="0% (0/2)">
							<conditions>
								<condition number="0" type="jump" coverage="0%"/>
							</conditions>
						</line>
						<line number="795" hits="0" branch="false"/>
						<line number="798" hits="0" branch="false"/>
						<line number="799" hits="0" branch="false"/>
						<line number="803" hits="0" branch="true" condition-coverage="0% (0/2)">
							<conditions>
								<condition number="0" type="jump" coverage="0%"/>
							</conditions>
						</line>
						<line number="805" hits="0" branch="false"/>
						<line number="809" hits="0" branch="false"/>
					</lines>
				</class>
			</classes>
		</package>
	</packages>
</coverage>
